#
# There is insufficient memory for the Java Runtime Environment to continue.
# Native memory allocation (mmap) failed to map 65536 bytes for Failed to commit area from 0x0000020250c30000 to 0x0000020250c40000 of length 65536.
# Possible reasons:
#   The system is out of physical RAM or swap space
#   The process is running with CompressedOops enabled, and the Java Heap may be blocking the growth of the native heap
# Possible solutions:
#   Reduce memory load on the system
#   Increase physical memory or swap space
#   Check if swap backing store is full
#   Decrease Java heap size (-Xmx/-Xms)
#   Decrease number of Java threads
#   Decrease Java thread stack sizes (-Xss)
#   Set larger code cache with -XX:ReservedCodeCacheSize=
# This output file may be truncated or incomplete.
#
#  Out of Memory Error (./open/src/hotspot/os/windows/os_windows.cpp:3275), pid=18988, tid=17040
#
# JRE version:  (11.0.8+10) (build )
# Java VM: Java HotSpot(TM) 64-Bit Server VM (11.0.8+10-LTS, mixed mode, sharing, tiered, compressed oops, g1 gc, windows-amd64)
# No core dump will be written. Minidumps are not enabled by default on client versions of Windows
#

---------------  S U M M A R Y ------------

Command Line: -Dfile.encoding=Cp1252 container.Conteiner

Host: Intel(R) Core(TM) i7-6700K CPU @ 4.00GHz, 8 cores, 15G,  Windows 10 , 64 bit Build 19041 (10.0.19041.804)
Time: Sat Apr  3 16:49:08 2021 Hora oficial do Brasil elapsed time: 0 seconds (0d 0h 0m 0s)

---------------  T H R E A D  ---------------

Current thread (0x0000020233b1d000):  JavaThread "Unknown thread" [_thread_in_vm, id=17040, stack(0x0000001b8c800000,0x0000001b8c900000)]

Stack: [0x0000001b8c800000,0x0000001b8c900000]
Native frames: (J=compiled Java code, j=interpreted, Vv=VM code, C=native code)
V  [jvm.dll+0x601aea]
V  [jvm.dll+0x737fef]
V  [jvm.dll+0x739675]
V  [jvm.dll+0x739cf3]
V  [jvm.dll+0x242848]
V  [jvm.dll+0x5fef8a]
V  [jvm.dll+0x5f3eb5]
V  [jvm.dll+0x2f651c]
V  [jvm.dll+0x2f63a2]
V  [jvm.dll+0x2fb170]
V  [jvm.dll+0x33cec5]
V  [jvm.dll+0x33c8d0]
V  [jvm.dll+0x2d4768]
V  [jvm.dll+0x2d58c6]
V  [jvm.dll+0x713e67]
V  [jvm.dll+0x71570f]
V  [jvm.dll+0x349c19]
V  [jvm.dll+0x6f97f0]
V  [jvm.dll+0x3b2a5f]
V  [jvm.dll+0x3b4e81]
C  [jli.dll+0x5213]
C  [ucrtbase.dll+0x21bb2]
C  [KERNEL32.DLL+0x17034]
C  [ntdll.dll+0x52651]


---------------  P R O C E S S  ---------------

Threads class SMR info:
_java_thread_list=0x0000020231962350, length=0, elements={
}

Java Threads: ( => current thread )

Other Threads:
  0x0000020233b32000 GCTaskThread "GC Thread#0" [stack: 0x0000001b8c900000,0x0000001b8ca00000] [id=3624]
  0x0000020233b8e800 ConcurrentGCThread "G1 Main Marker" [stack: 0x0000001b8ca00000,0x0000001b8cb00000] [id=800]
  0x0000020233b91000 ConcurrentGCThread "G1 Conc#0" [stack: 0x0000001b8cb00000,0x0000001b8cc00000] [id=2008]

[error occurred during error reporting (printing all threads), id 0xc0000005, EXCEPTION_ACCESS_VIOLATION (0xc0000005) at pc=0x00007ff86b9c2f67]

VM state:not at safepoint (not fully initialized)

VM Mutex/Monitor currently owned by a thread:  ([mutex/lock_event])
[0x0000020233b187f0] Heap_lock - owner thread: 0x0000020233b1d000

Heap address: 0x0000000700c00000, size: 4084 MB, Compressed Oops mode: Non-zero based: 0x0000000700c00000
Narrow klass base: 0x0000000000000000, Narrow klass shift: 0

GC Heap History (0 events):
No events

Deoptimization events (0 events):
No events

Classes redefined (0 events):
No events

Internal exceptions (0 events):
No events

Events (0 events):
No events


Dynamic libraries:
0x00007ff612490000 - 0x00007ff61249f000 	C:\Program Files\Java\jdk-11.0.8\bin\javaw.exe
0x00007ff8a8410000 - 0x00007ff8a8605000 	C:\WINDOWS\SYSTEM32\ntdll.dll
0x00007ff87d510000 - 0x00007ff87d522000 	C:\Program Files\Avast Software\Avast\aswhook.dll
0x00007ff8a7680000 - 0x00007ff8a773d000 	C:\WINDOWS\System32\KERNEL32.DLL
0x00007ff8a5e20000 - 0x00007ff8a60e9000 	C:\WINDOWS\System32\KERNELBASE.dll
0x00007ff8a5b50000 - 0x00007ff8a5c50000 	C:\WINDOWS\System32\ucrtbase.dll
0x00007ff89c570000 - 0x00007ff89c585000 	C:\Program Files\Java\jdk-11.0.8\bin\VCRUNTIME140.dll
0x00007ff89c440000 - 0x00007ff89c458000 	C:\Program Files\Java\jdk-11.0.8\bin\jli.dll
0x00007ff8a6b40000 - 0x00007ff8a6bec000 	C:\WINDOWS\System32\ADVAPI32.dll
0x00007ff8a71e0000 - 0x00007ff8a727e000 	C:\WINDOWS\System32\msvcrt.dll
0x00007ff8a7850000 - 0x00007ff8a78ec000 	C:\WINDOWS\System32\sechost.dll
0x00007ff8a8040000 - 0x00007ff8a816b000 	C:\WINDOWS\System32\RPCRT4.dll
0x00007ff8a6470000 - 0x00007ff8a6610000 	C:\WINDOWS\System32\USER32.dll
0x00007ff8a6140000 - 0x00007ff8a6162000 	C:\WINDOWS\System32\win32u.dll
0x00007ff89dbd0000 - 0x00007ff89de6a000 	C:\WINDOWS\WinSxS\amd64_microsoft.windows.common-controls_6595b64144ccf1df_6.0.19041.844_none_ca00b6081b84eb1d\COMCTL32.dll
0x00007ff8a6a80000 - 0x00007ff8a6aaa000 	C:\WINDOWS\System32\GDI32.dll
0x00007ff8a61a0000 - 0x00007ff8a62ab000 	C:\WINDOWS\System32\gdi32full.dll
0x00007ff8a5d00000 - 0x00007ff8a5d9d000 	C:\WINDOWS\System32\msvcp_win.dll
0x00007ff8a03a0000 - 0x00007ff8a03aa000 	C:\WINDOWS\SYSTEM32\VERSION.dll
0x00007ff8a6b10000 - 0x00007ff8a6b40000 	C:\WINDOWS\System32\IMM32.DLL
0x00007ff89be60000 - 0x00007ff89befb000 	C:\Program Files\Java\jdk-11.0.8\bin\msvcp140.dll
0x00007ff86b6e0000 - 0x00007ff86c1c6000 	C:\Program Files\Java\jdk-11.0.8\bin\server\jvm.dll
0x00007ff8a7470000 - 0x00007ff8a7478000 	C:\WINDOWS\System32\PSAPI.DLL
0x00007ff892ca0000 - 0x00007ff892ca9000 	C:\WINDOWS\SYSTEM32\WSOCK32.dll
0x00007ff893ed0000 - 0x00007ff893ef7000 	C:\WINDOWS\SYSTEM32\WINMM.dll
0x00007ff8a7280000 - 0x00007ff8a72eb000 	C:\WINDOWS\System32\WS2_32.dll
0x00007ff8a3ad0000 - 0x00007ff8a3ae2000 	C:\WINDOWS\SYSTEM32\kernel.appcore.dll
0x00007ff8a16b0000 - 0x00007ff8a16c0000 	C:\Program Files\Java\jdk-11.0.8\bin\verify.dll
0x00007ff89f570000 - 0x00007ff89f754000 	C:\WINDOWS\SYSTEM32\DBGHELP.DLL
0x00007ff89f540000 - 0x00007ff89f56c000 	C:\WINDOWS\SYSTEM32\dbgcore.DLL
0x00007ff8a5da0000 - 0x00007ff8a5e20000 	C:\WINDOWS\System32\bcryptPrimitives.dll
0x00007ff89d430000 - 0x00007ff89d458000 	C:\Program Files\Java\jdk-11.0.8\bin\java.dll
0x00007ff8a16a0000 - 0x00007ff8a16aa000 	C:\Program Files\Java\jdk-11.0.8\bin\jimage.dll
0x00007ff8a1240000 - 0x00007ff8a1256000 	C:\Program Files\Java\jdk-11.0.8\bin\zip.dll

dbghelp: loaded successfully - version: 4.0.5 - missing functions: none
symbol engine: initialized successfully - sym options: 0x614 - pdb path: .;C:\Program Files\Java\jdk-11.0.8\bin;C:\WINDOWS\SYSTEM32;C:\Program Files\Avast Software\Avast;C:\WINDOWS\WinSxS\amd64_microsoft.windows.common-controls_6595b64144ccf1df_6.0.19041.844_none_ca00b6081b84eb1d;C:\Program Files\Java\jdk-11.0.8\bin\server

VM Arguments:
jvm_args: -Dfile.encoding=Cp1252 
java_command: container.Conteiner
java_class_path (initial): C:\Users\Keigo\eclipse-workspace\Codigo de alta performance\Trabalho01\bin
Launcher Type: SUN_STANDARD

[Global flags]
     intx CICompilerCount                          = 4                                         {product} {ergonomic}
     uint ConcGCThreads                            = 2                                         {product} {ergonomic}
     uint G1ConcRefinementThreads                  = 8                                         {product} {ergonomic}
   size_t G1HeapRegionSize                         = 1048576                                   {product} {ergonomic}
    uintx GCDrainStackTargetSize                   = 64                                        {product} {ergonomic}
   size_t InitialHeapSize                          = 268435456                                 {product} {ergonomic}
   size_t MarkStackSize                            = 4194304                                   {product} {ergonomic}
   size_t MaxHeapSize                              = 4282384384                                {product} {ergonomic}
   size_t MinHeapDeltaBytes                        = 1048576                                   {product} {ergonomic}
    uintx NonNMethodCodeHeapSize                   = 5836300                                {pd product} {ergonomic}
    uintx NonProfiledCodeHeapSize                  = 122910970                              {pd product} {ergonomic}
    uintx ProfiledCodeHeapSize                     = 122910970                              {pd product} {ergonomic}
    uintx ReservedCodeCacheSize                    = 251658240                              {pd product} {ergonomic}
     bool SegmentedCodeCache                       = true                                      {product} {ergonomic}
     bool UseCompressedClassPointers               = true                                 {lp64_product} {ergonomic}
     bool UseCompressedOops                        = true                                 {lp64_product} {ergonomic}
     bool UseG1GC                                  = true                                      {product} {ergonomic}
     bool UseLargePagesIndividualAllocation        = false                                  {pd product} {ergonomic}

Logging:
Log output configuration:
 #0: stdout all=warning uptime,level,tags
 #1: stderr all=off uptime,level,tags

Environment Variables:
PATH=C:/Program Files/Java/jdk-11.0.8/bin/server;C:/Program Files/Java/jdk-11.0.8/bin;C:\Program Files\Java\jdk-11.0.8\bin;C:\Program Files (x86)\Common Files\Oracle\Java\javapath;C:\WINDOWS\system32;C:\WINDOWS;C:\WINDOWS\System32\Wbem;C:\WINDOWS\System32\WindowsPowerShell\v1.0\;C:\WINDOWS\System32\OpenSSH\;C:\Program Files\NVIDIA Corporation\NVIDIA NvDLISR;E:\Arquivos de Programas (x86)\Git\cmd;C:\Program Files (x86)\NVIDIA Corporation\PhysX\Common;C:\Users\Keigo\AppData\Local\Microsoft\WindowsApps;;C:\Users\Keigo\AppData\Local\Programs\Microsoft VS Code\bin;C:\Users\Keigo\Desktop;
USERNAME=Keigo
OS=Windows_NT
PROCESSOR_IDENTIFIER=Intel64 Family 6 Model 94 Stepping 3, GenuineIntel



---------------  S Y S T E M  ---------------

OS: Windows 10 , 64 bit Build 19041 (10.0.19041.804)

CPU:total 8 (initial active 8) (4 cores per cpu, 2 threads per core) family 6 model 94 stepping 3, cmov, cx8, fxsr, mmx, sse, sse2, sse3, ssse3, sse4.1, sse4.2, popcnt, avx, avx2, aes, clmul, erms, rtm, 3dnowpref, lzcnt, ht, tsc, tscinvbit, bmi1, bmi2, adx, fma

Memory: 4k page, system-wide physical 16330M (7562M free)
TotalPageFile size 30472M (AvailPageFile size 2M)
current process WorkingSet (physical memory assigned to process): 14M, peak: 14M
current process commit charge ("private bytes"): 323M, peak: 323M

vm_info: Java HotSpot(TM) 64-Bit Server VM (11.0.8+10-LTS) for windows-amd64 JRE (11.0.8+10-LTS), built on Jun 16 2020 05:53:08 by "mach5one" with unknown MS VC++:1916

END.
